<?xml version="1.0" encoding="UTF-8"?>
<!-- Generated by org.testng.reporters.JUnitReportReporter -->
<testsuite hostname="DESKTOP-KMVAA5F" failures="0" tests="3" name="Test.Base" time="0.011" errors="0" timestamp="2022-08-18T14:28:23 IST" skipped="0">
  <testcase classname="Test.Base" name="stockbasket" time="0.007"/>
  <system-out/>
  <testcase classname="Test.Base" name="click_Accept" time="0.002"/>
  <system-out/>
  <testcase classname="Test.Base" name="click_onetouch" time="0.002"/>
  <system-out/>
</testsuite> <!-- Test.Base -->
